<?xml version="1.0" encoding="UTF-8"?>
<testsuite xmlns:xsi="http://www.w3.org/2001/XMLSchema-instance" xsi:noNamespaceSchemaLocation="https://maven.apache.org/surefire/maven-surefire-plugin/xsd/surefire-test-report.xsd" name="org.AutomationPractice.runner.TestRunner" time="51.716" tests="0" errors="0" skipped="0" failures="0">
  <properties>
    <property name="java.specification.version" value="17"/>
    <property name="sun.jnu.encoding" value="UTF-8"/>
    <property name="java.class.path" value="/Users/admin/IdeaProjects/SpreeExtentReport/automationPractice/target/test-classes:/Users/admin/IdeaProjects/SpreeExtentReport/automationPractice/target/classes:/Users/admin/.m2/repository/junit/junit/4.11/junit-4.11.jar:/Users/admin/.m2/repository/org/hamcrest/hamcrest-core/1.3/hamcrest-core-1.3.jar:/Users/admin/.m2/repository/org/seleniumhq/selenium/selenium-java/3.141.59/selenium-java-3.141.59.jar:/Users/admin/.m2/repository/org/seleniumhq/selenium/selenium-api/3.141.59/selenium-api-3.141.59.jar:/Users/admin/.m2/repository/org/seleniumhq/selenium/selenium-edge-driver/3.141.59/selenium-edge-driver-3.141.59.jar:/Users/admin/.m2/repository/org/seleniumhq/selenium/selenium-firefox-driver/3.141.59/selenium-firefox-driver-3.141.59.jar:/Users/admin/.m2/repository/org/seleniumhq/selenium/selenium-ie-driver/3.141.59/selenium-ie-driver-3.141.59.jar:/Users/admin/.m2/repository/org/seleniumhq/selenium/selenium-opera-driver/3.141.59/selenium-opera-driver-3.141.59.jar:/Users/admin/.m2/repository/org/seleniumhq/selenium/selenium-remote-driver/3.141.59/selenium-remote-driver-3.141.59.jar:/Users/admin/.m2/repository/org/seleniumhq/selenium/selenium-safari-driver/3.141.59/selenium-safari-driver-3.141.59.jar:/Users/admin/.m2/repository/org/seleniumhq/selenium/selenium-support/3.141.59/selenium-support-3.141.59.jar:/Users/admin/.m2/repository/net/bytebuddy/byte-buddy/1.8.15/byte-buddy-1.8.15.jar:/Users/admin/.m2/repository/org/apache/commons/commons-exec/1.3/commons-exec-1.3.jar:/Users/admin/.m2/repository/com/google/guava/guava/25.0-jre/guava-25.0-jre.jar:/Users/admin/.m2/repository/com/google/code/findbugs/jsr305/1.3.9/jsr305-1.3.9.jar:/Users/admin/.m2/repository/org/checkerframework/checker-compat-qual/2.0.0/checker-compat-qual-2.0.0.jar:/Users/admin/.m2/repository/com/google/errorprone/error_prone_annotations/2.1.3/error_prone_annotations-2.1.3.jar:/Users/admin/.m2/repository/com/google/j2objc/j2objc-annotations/1.1/j2objc-annotations-1.1.jar:/Users/admin/.m2/repository/org/codehaus/mojo/animal-sniffer-annotations/1.14/animal-sniffer-annotations-1.14.jar:/Users/admin/.m2/repository/com/squareup/okhttp3/okhttp/3.11.0/okhttp-3.11.0.jar:/Users/admin/.m2/repository/com/squareup/okio/okio/1.14.0/okio-1.14.0.jar:/Users/admin/.m2/repository/io/cucumber/cucumber-java/6.11.0/cucumber-java-6.11.0.jar:/Users/admin/.m2/repository/io/cucumber/cucumber-core/6.11.0/cucumber-core-6.11.0.jar:/Users/admin/.m2/repository/io/cucumber/cucumber-gherkin/6.11.0/cucumber-gherkin-6.11.0.jar:/Users/admin/.m2/repository/io/cucumber/cucumber-gherkin-messages/6.11.0/cucumber-gherkin-messages-6.11.0.jar:/Users/admin/.m2/repository/io/cucumber/messages/15.0.0/messages-15.0.0.jar:/Users/admin/.m2/repository/io/cucumber/tag-expressions/3.0.1/tag-expressions-3.0.1.jar:/Users/admin/.m2/repository/io/cucumber/cucumber-expressions/10.3.0/cucumber-expressions-10.3.0.jar:/Users/admin/.m2/repository/io/cucumber/datatable/3.5.0/datatable-3.5.0.jar:/Users/admin/.m2/repository/io/cucumber/cucumber-plugin/6.11.0/cucumber-plugin-6.11.0.jar:/Users/admin/.m2/repository/io/cucumber/docstring/6.11.0/docstring-6.11.0.jar:/Users/admin/.m2/repository/io/cucumber/html-formatter/13.0.0/html-formatter-13.0.0.jar:/Users/admin/.m2/repository/io/cucumber/create-meta/4.0.0/create-meta-4.0.0.jar:/Users/admin/.m2/repository/org/apiguardian/apiguardian-api/1.1.2/apiguardian-api-1.1.2.jar:/Users/admin/.m2/repository/io/cucumber/cucumber-junit/6.11.0/cucumber-junit-6.11.0.jar:/Users/admin/.m2/repository/org/testng/testng/7.1.0/testng-7.1.0.jar:/Users/admin/.m2/repository/com/beust/jcommander/1.72/jcommander-1.72.jar:/Users/admin/.m2/repository/com/google/inject/guice/4.1.0/guice-4.1.0-no_aop.jar:/Users/admin/.m2/repository/javax/inject/javax.inject/1/javax.inject-1.jar:/Users/admin/.m2/repository/aopalliance/aopalliance/1.0/aopalliance-1.0.jar:/Users/admin/.m2/repository/org/yaml/snakeyaml/1.21/snakeyaml-1.21.jar:/Users/admin/.m2/repository/io/github/bonigarcia/webdrivermanager/5.1.0/webdrivermanager-5.1.0.jar:/Users/admin/.m2/repository/org/slf4j/slf4j-api/1.7.36/slf4j-api-1.7.36.jar:/Users/admin/.m2/repository/com/google/code/gson/gson/2.9.0/gson-2.9.0.jar:/Users/admin/.m2/repository/com/github/docker-java/docker-java/3.2.13/docker-java-3.2.13.jar:/Users/admin/.m2/repository/com/github/docker-java/docker-java-core/3.2.13/docker-java-core-3.2.13.jar:/Users/admin/.m2/repository/com/github/docker-java/docker-java-api/3.2.13/docker-java-api-3.2.13.jar:/Users/admin/.m2/repository/commons-io/commons-io/2.6/commons-io-2.6.jar:/Users/admin/.m2/repository/org/apache/commons/commons-compress/1.21/commons-compress-1.21.jar:/Users/admin/.m2/repository/org/bouncycastle/bcpkix-jdk15on/1.64/bcpkix-jdk15on-1.64.jar:/Users/admin/.m2/repository/org/bouncycastle/bcprov-jdk15on/1.64/bcprov-jdk15on-1.64.jar:/Users/admin/.m2/repository/org/slf4j/jcl-over-slf4j/1.7.30/jcl-over-slf4j-1.7.30.jar:/Users/admin/.m2/repository/com/github/docker-java/docker-java-transport-httpclient5/3.2.13/docker-java-transport-httpclient5-3.2.13.jar:/Users/admin/.m2/repository/com/github/docker-java/docker-java-transport/3.2.13/docker-java-transport-3.2.13.jar:/Users/admin/.m2/repository/org/apache/httpcomponents/client5/httpclient5/5.0.3/httpclient5-5.0.3.jar:/Users/admin/.m2/repository/org/apache/httpcomponents/core5/httpcore5/5.0.2/httpcore5-5.0.2.jar:/Users/admin/.m2/repository/commons-codec/commons-codec/1.13/commons-codec-1.13.jar:/Users/admin/.m2/repository/net/java/dev/jna/jna/5.8.0/jna-5.8.0.jar:/Users/admin/.m2/repository/org/brotli/dec/0.1.2/dec-0.1.2.jar:/Users/admin/.m2/repository/org/apache/commons/commons-lang3/3.12.0/commons-lang3-3.12.0.jar:/Users/admin/.m2/repository/org/seleniumhq/selenium/selenium-chrome-driver/3.141.59/selenium-chrome-driver-3.141.59.jar:/Users/admin/.m2/repository/org/apache/logging/log4j/log4j-core/2.17.1/log4j-core-2.17.1.jar:/Users/admin/.m2/repository/org/apache/logging/log4j/log4j-api/2.17.1/log4j-api-2.17.1.jar:/Users/admin/.m2/repository/io/qameta/allure/allure-cucumber6-jvm/2.14.0/allure-cucumber6-jvm-2.14.0.jar:/Users/admin/.m2/repository/io/qameta/allure/allure-java-commons/2.14.0/allure-java-commons-2.14.0.jar:/Users/admin/.m2/repository/io/qameta/allure/allure-model/2.14.0/allure-model-2.14.0.jar:/Users/admin/.m2/repository/com/fasterxml/jackson/core/jackson-databind/2.12.3/jackson-databind-2.12.3.jar:/Users/admin/.m2/repository/com/fasterxml/jackson/core/jackson-annotations/2.12.3/jackson-annotations-2.12.3.jar:/Users/admin/.m2/repository/com/fasterxml/jackson/core/jackson-core/2.12.3/jackson-core-2.12.3.jar:/Users/admin/.m2/repository/org/apache/tika/tika-core/1.26/tika-core-1.26.jar:/Users/admin/.m2/repository/javax/xml/bind/jaxb-api/2.3.1/jaxb-api-2.3.1.jar:/Users/admin/.m2/repository/javax/activation/javax.activation-api/1.2.0/javax.activation-api-1.2.0.jar:/Users/admin/.m2/repository/javax/activation/activation/1.1.1/activation-1.1.1.jar:/Users/admin/.m2/repository/org/jooq/joor-java-8/0.9.14/joor-java-8-0.9.14.jar:/Users/admin/.m2/repository/io/cucumber/gherkin/18.0.0/gherkin-18.0.0.jar:"/>
    <property name="java.vm.vendor" value="Homebrew"/>
    <property name="sun.arch.data.model" value="64"/>
    <property name="java.vendor.url" value="https://github.com/Homebrew/homebrew-core/issues"/>
    <property name="os.name" value="Mac OS X"/>
    <property name="java.vm.specification.version" value="17"/>
    <property name="sun.java.launcher" value="SUN_STANDARD"/>
    <property name="user.country" value="IN"/>
    <property name="sun.boot.library.path" value="/usr/local/Cellar/openjdk/17.0.1/libexec/openjdk.jdk/Contents/Home/lib"/>
    <property name="sun.java.command" value="/Users/admin/IdeaProjects/SpreeExtentReport/automationPractice/target/surefire/surefirebooter7107897106080938804.jar /Users/admin/IdeaProjects/SpreeExtentReport/automationPractice/target/surefire 2022-04-07T10-19-35_383-jvmRun1 surefire16542259155615638975tmp surefire_016735588159298517703tmp"/>
    <property name="http.nonProxyHosts" value="local|*.local|169.254/16|*.169.254/16"/>
    <property name="jdk.debug" value="release"/>
    <property name="surefire.test.class.path" value="/Users/admin/IdeaProjects/SpreeExtentReport/automationPractice/target/test-classes:/Users/admin/IdeaProjects/SpreeExtentReport/automationPractice/target/classes:/Users/admin/.m2/repository/junit/junit/4.11/junit-4.11.jar:/Users/admin/.m2/repository/org/hamcrest/hamcrest-core/1.3/hamcrest-core-1.3.jar:/Users/admin/.m2/repository/org/seleniumhq/selenium/selenium-java/3.141.59/selenium-java-3.141.59.jar:/Users/admin/.m2/repository/org/seleniumhq/selenium/selenium-api/3.141.59/selenium-api-3.141.59.jar:/Users/admin/.m2/repository/org/seleniumhq/selenium/selenium-edge-driver/3.141.59/selenium-edge-driver-3.141.59.jar:/Users/admin/.m2/repository/org/seleniumhq/selenium/selenium-firefox-driver/3.141.59/selenium-firefox-driver-3.141.59.jar:/Users/admin/.m2/repository/org/seleniumhq/selenium/selenium-ie-driver/3.141.59/selenium-ie-driver-3.141.59.jar:/Users/admin/.m2/repository/org/seleniumhq/selenium/selenium-opera-driver/3.141.59/selenium-opera-driver-3.141.59.jar:/Users/admin/.m2/repository/org/seleniumhq/selenium/selenium-remote-driver/3.141.59/selenium-remote-driver-3.141.59.jar:/Users/admin/.m2/repository/org/seleniumhq/selenium/selenium-safari-driver/3.141.59/selenium-safari-driver-3.141.59.jar:/Users/admin/.m2/repository/org/seleniumhq/selenium/selenium-support/3.141.59/selenium-support-3.141.59.jar:/Users/admin/.m2/repository/net/bytebuddy/byte-buddy/1.8.15/byte-buddy-1.8.15.jar:/Users/admin/.m2/repository/org/apache/commons/commons-exec/1.3/commons-exec-1.3.jar:/Users/admin/.m2/repository/com/google/guava/guava/25.0-jre/guava-25.0-jre.jar:/Users/admin/.m2/repository/com/google/code/findbugs/jsr305/1.3.9/jsr305-1.3.9.jar:/Users/admin/.m2/repository/org/checkerframework/checker-compat-qual/2.0.0/checker-compat-qual-2.0.0.jar:/Users/admin/.m2/repository/com/google/errorprone/error_prone_annotations/2.1.3/error_prone_annotations-2.1.3.jar:/Users/admin/.m2/repository/com/google/j2objc/j2objc-annotations/1.1/j2objc-annotations-1.1.jar:/Users/admin/.m2/repository/org/codehaus/mojo/animal-sniffer-annotations/1.14/animal-sniffer-annotations-1.14.jar:/Users/admin/.m2/repository/com/squareup/okhttp3/okhttp/3.11.0/okhttp-3.11.0.jar:/Users/admin/.m2/repository/com/squareup/okio/okio/1.14.0/okio-1.14.0.jar:/Users/admin/.m2/repository/io/cucumber/cucumber-java/6.11.0/cucumber-java-6.11.0.jar:/Users/admin/.m2/repository/io/cucumber/cucumber-core/6.11.0/cucumber-core-6.11.0.jar:/Users/admin/.m2/repository/io/cucumber/cucumber-gherkin/6.11.0/cucumber-gherkin-6.11.0.jar:/Users/admin/.m2/repository/io/cucumber/cucumber-gherkin-messages/6.11.0/cucumber-gherkin-messages-6.11.0.jar:/Users/admin/.m2/repository/io/cucumber/messages/15.0.0/messages-15.0.0.jar:/Users/admin/.m2/repository/io/cucumber/tag-expressions/3.0.1/tag-expressions-3.0.1.jar:/Users/admin/.m2/repository/io/cucumber/cucumber-expressions/10.3.0/cucumber-expressions-10.3.0.jar:/Users/admin/.m2/repository/io/cucumber/datatable/3.5.0/datatable-3.5.0.jar:/Users/admin/.m2/repository/io/cucumber/cucumber-plugin/6.11.0/cucumber-plugin-6.11.0.jar:/Users/admin/.m2/repository/io/cucumber/docstring/6.11.0/docstring-6.11.0.jar:/Users/admin/.m2/repository/io/cucumber/html-formatter/13.0.0/html-formatter-13.0.0.jar:/Users/admin/.m2/repository/io/cucumber/create-meta/4.0.0/create-meta-4.0.0.jar:/Users/admin/.m2/repository/org/apiguardian/apiguardian-api/1.1.2/apiguardian-api-1.1.2.jar:/Users/admin/.m2/repository/io/cucumber/cucumber-junit/6.11.0/cucumber-junit-6.11.0.jar:/Users/admin/.m2/repository/org/testng/testng/7.1.0/testng-7.1.0.jar:/Users/admin/.m2/repository/com/beust/jcommander/1.72/jcommander-1.72.jar:/Users/admin/.m2/repository/com/google/inject/guice/4.1.0/guice-4.1.0-no_aop.jar:/Users/admin/.m2/repository/javax/inject/javax.inject/1/javax.inject-1.jar:/Users/admin/.m2/repository/aopalliance/aopalliance/1.0/aopalliance-1.0.jar:/Users/admin/.m2/repository/org/yaml/snakeyaml/1.21/snakeyaml-1.21.jar:/Users/admin/.m2/repository/io/github/bonigarcia/webdrivermanager/5.1.0/webdrivermanager-5.1.0.jar:/Users/admin/.m2/repository/org/slf4j/slf4j-api/1.7.36/slf4j-api-1.7.36.jar:/Users/admin/.m2/repository/com/google/code/gson/gson/2.9.0/gson-2.9.0.jar:/Users/admin/.m2/repository/com/github/docker-java/docker-java/3.2.13/docker-java-3.2.13.jar:/Users/admin/.m2/repository/com/github/docker-java/docker-java-core/3.2.13/docker-java-core-3.2.13.jar:/Users/admin/.m2/repository/com/github/docker-java/docker-java-api/3.2.13/docker-java-api-3.2.13.jar:/Users/admin/.m2/repository/commons-io/commons-io/2.6/commons-io-2.6.jar:/Users/admin/.m2/repository/org/apache/commons/commons-compress/1.21/commons-compress-1.21.jar:/Users/admin/.m2/repository/org/bouncycastle/bcpkix-jdk15on/1.64/bcpkix-jdk15on-1.64.jar:/Users/admin/.m2/repository/org/bouncycastle/bcprov-jdk15on/1.64/bcprov-jdk15on-1.64.jar:/Users/admin/.m2/repository/org/slf4j/jcl-over-slf4j/1.7.30/jcl-over-slf4j-1.7.30.jar:/Users/admin/.m2/repository/com/github/docker-java/docker-java-transport-httpclient5/3.2.13/docker-java-transport-httpclient5-3.2.13.jar:/Users/admin/.m2/repository/com/github/docker-java/docker-java-transport/3.2.13/docker-java-transport-3.2.13.jar:/Users/admin/.m2/repository/org/apache/httpcomponents/client5/httpclient5/5.0.3/httpclient5-5.0.3.jar:/Users/admin/.m2/repository/org/apache/httpcomponents/core5/httpcore5/5.0.2/httpcore5-5.0.2.jar:/Users/admin/.m2/repository/commons-codec/commons-codec/1.13/commons-codec-1.13.jar:/Users/admin/.m2/repository/net/java/dev/jna/jna/5.8.0/jna-5.8.0.jar:/Users/admin/.m2/repository/org/brotli/dec/0.1.2/dec-0.1.2.jar:/Users/admin/.m2/repository/org/apache/commons/commons-lang3/3.12.0/commons-lang3-3.12.0.jar:/Users/admin/.m2/repository/org/seleniumhq/selenium/selenium-chrome-driver/3.141.59/selenium-chrome-driver-3.141.59.jar:/Users/admin/.m2/repository/org/apache/logging/log4j/log4j-core/2.17.1/log4j-core-2.17.1.jar:/Users/admin/.m2/repository/org/apache/logging/log4j/log4j-api/2.17.1/log4j-api-2.17.1.jar:/Users/admin/.m2/repository/io/qameta/allure/allure-cucumber6-jvm/2.14.0/allure-cucumber6-jvm-2.14.0.jar:/Users/admin/.m2/repository/io/qameta/allure/allure-java-commons/2.14.0/allure-java-commons-2.14.0.jar:/Users/admin/.m2/repository/io/qameta/allure/allure-model/2.14.0/allure-model-2.14.0.jar:/Users/admin/.m2/repository/com/fasterxml/jackson/core/jackson-databind/2.12.3/jackson-databind-2.12.3.jar:/Users/admin/.m2/repository/com/fasterxml/jackson/core/jackson-annotations/2.12.3/jackson-annotations-2.12.3.jar:/Users/admin/.m2/repository/com/fasterxml/jackson/core/jackson-core/2.12.3/jackson-core-2.12.3.jar:/Users/admin/.m2/repository/org/apache/tika/tika-core/1.26/tika-core-1.26.jar:/Users/admin/.m2/repository/javax/xml/bind/jaxb-api/2.3.1/jaxb-api-2.3.1.jar:/Users/admin/.m2/repository/javax/activation/javax.activation-api/1.2.0/javax.activation-api-1.2.0.jar:/Users/admin/.m2/repository/javax/activation/activation/1.1.1/activation-1.1.1.jar:/Users/admin/.m2/repository/org/jooq/joor-java-8/0.9.14/joor-java-8-0.9.14.jar:/Users/admin/.m2/repository/io/cucumber/gherkin/18.0.0/gherkin-18.0.0.jar:"/>
    <property name="sun.cpu.endian" value="little"/>
    <property name="user.home" value="/Users/admin"/>
    <property name="user.language" value="en"/>
    <property name="java.specification.vendor" value="Oracle Corporation"/>
    <property name="java.version.date" value="2021-10-19"/>
    <property name="java.home" value="/usr/local/Cellar/openjdk/17.0.1/libexec/openjdk.jdk/Contents/Home"/>
    <property name="file.separator" value="/"/>
    <property name="basedir" value="/Users/admin/IdeaProjects/SpreeExtentReport/automationPractice"/>
    <property name="java.vm.compressedOopsMode" value="Zero based"/>
    <property name="line.separator" value="&#10;"/>
    <property name="java.specification.name" value="Java Platform API Specification"/>
    <property name="java.vm.specification.vendor" value="Oracle Corporation"/>
    <property name="surefire.real.class.path" value="/Users/admin/IdeaProjects/SpreeExtentReport/automationPractice/target/surefire/surefirebooter7107897106080938804.jar"/>
    <property name="sun.management.compiler" value="HotSpot 64-Bit Tiered Compilers"/>
    <property name="ftp.nonProxyHosts" value="local|*.local|169.254/16|*.169.254/16"/>
    <property name="java.runtime.version" value="17.0.1+0"/>
    <property name="user.name" value="admin"/>
    <property name="path.separator" value=":"/>
    <property name="os.version" value="10.15.7"/>
    <property name="java.runtime.name" value="OpenJDK Runtime Environment"/>
    <property name="file.encoding" value="UTF-8"/>
    <property name="java.vm.name" value="OpenJDK 64-Bit Server VM"/>
    <property name="java.vendor.version" value="Homebrew"/>
    <property name="localRepository" value="/Users/admin/.m2/repository"/>
    <property name="java.vendor.url.bug" value="https://github.com/Homebrew/homebrew-core/issues"/>
    <property name="java.io.tmpdir" value="/var/folders/9h/3f03r251717gswghp86k12ww0000gn/T/"/>
    <property name="java.version" value="17.0.1"/>
    <property name="user.dir" value="/Users/admin/IdeaProjects/SpreeExtentReport/automationPractice"/>
    <property name="os.arch" value="x86_64"/>
    <property name="java.vm.specification.name" value="Java Virtual Machine Specification"/>
    <property name="native.encoding" value="UTF-8"/>
    <property name="java.library.path" value="/Users/admin/Library/Java/Extensions:/Library/Java/Extensions:/Network/Library/Java/Extensions:/System/Library/Java/Extensions:/usr/lib/java:."/>
    <property name="java.vm.info" value="mixed mode, sharing"/>
    <property name="java.vendor" value="Homebrew"/>
    <property name="java.vm.version" value="17.0.1+0"/>
    <property name="sun.io.unicode.encoding" value="UnicodeBig"/>
    <property name="socksNonProxyHosts" value="local|*.local|169.254/16|*.169.254/16"/>
    <property name="java.class.version" value="61.0"/>
  </properties>
</testsuite>